<?xml version="1.0" encoding="UTF-8"?>
<!-- Generated by org.testng.reporters.JUnitXMLReporter -->
<testsuite hostname="DESKTOP-IUQKNDU" ignored="0" name="Default test" tests="2" failures="0" timestamp="05 Aug 2019 17:53:21 GMT" time="12.342" errors="0">
  <testcase name="verifyCheckBoxDemoPageTitleTest" time="1.023" classname="seleniumEasyTestCases.CheckBoxDemoPageTest"/>
  <testcase name="verifyClickOnSingleCheckBoxTest" time="0.602" classname="seleniumEasyTestCases.CheckBoxDemoPageTest"/>
</testsuite> <!-- Default test -->
