<?xml version="1.0" encoding="UTF-8"?>
<testng-results skipped="0" failed="0" ignored="0" total="2" passed="2">
  <reporter-output>
  </reporter-output>
  <suite name="Default suite" duration-ms="12342" started-at="2019-08-05T17:53:08Z" finished-at="2019-08-05T17:53:21Z">
    <groups>
    </groups>
    <test name="Default test" duration-ms="12342" started-at="2019-08-05T17:53:08Z" finished-at="2019-08-05T17:53:21Z">
      <class name="seleniumEasyTestCases.CheckBoxDemoPageTest">
        <test-method status="PASS" signature="setup()[pri:0, instance:seleniumEasyTestCases.CheckBoxDemoPageTest@28d25987]" name="setup" is-config="true" duration-ms="10676" started-at="2019-08-05T17:53:08Z" finished-at="2019-08-05T17:53:19Z">
          <reporter-output>
          </reporter-output>
        </test-method> <!-- setup -->
        <test-method status="PASS" signature="verifyCheckBoxDemoPageTitleTest()[pri:0, instance:seleniumEasyTestCases.CheckBoxDemoPageTest@28d25987]" name="verifyCheckBoxDemoPageTitleTest" duration-ms="1023" started-at="2019-08-05T17:53:19Z" finished-at="2019-08-05T17:53:20Z">
          <reporter-output>
          </reporter-output>
        </test-method> <!-- verifyCheckBoxDemoPageTitleTest -->
        <test-method status="PASS" signature="verifyClickOnSingleCheckBoxTest()[pri:0, instance:seleniumEasyTestCases.CheckBoxDemoPageTest@28d25987]" name="verifyClickOnSingleCheckBoxTest" duration-ms="602" started-at="2019-08-05T17:53:20Z" finished-at="2019-08-05T17:53:21Z">
          <reporter-output>
          </reporter-output>
        </test-method> <!-- verifyClickOnSingleCheckBoxTest -->
      </class> <!-- seleniumEasyTestCases.CheckBoxDemoPageTest -->
    </test> <!-- Default test -->
  </suite> <!-- Default suite -->
</testng-results>
